<?xml version="1.0" encoding="UTF-8"?>
<!-- Generated by org.testng.reporters.JUnitReportReporter -->
<testsuite hostname="DESKTOP-F867KVD" failures="0" tests="1" name="com.qa.testCases.TC_LoginPageTest_001" time="59.750" errors="0" timestamp="2020-04-03T09:45:16 IST" skipped="0">
  <testcase classname="com.qa.testCases.TC_LoginPageTest_001" name="LoginTest" time="59.750"/>
  <system-out/>
</testsuite> <!-- com.qa.testCases.TC_LoginPageTest_001 -->
