<?xml version="1.0" encoding="UTF-8"?>
<!-- Generated by org.testng.reporters.JUnitReportReporter -->
<testsuite hostname="DESKTOP-F867KVD" failures="0" tests="1" name="com.qa.testCases.TC_AddNewCustomerTest_002" time="32.263" errors="0" timestamp="2020-04-03T11:03:15 IST" skipped="0">
  <testcase classname="com.qa.testCases.TC_AddNewCustomerTest_002" name="AddNewCustomerTest" time="32.263"/>
  <system-out/>
</testsuite> <!-- com.qa.testCases.TC_AddNewCustomerTest_002 -->
