<?xml version="1.0" encoding="UTF-8"?>
<!-- Generated by org.testng.reporters.JUnitReportReporter -->
<testsuite hostname="DESKTOP-F867KVD" failures="0" tests="1" name="com.qa.testCases.TC_AddNewCustomerTest_002" time="69.045" errors="0" timestamp="06 Apr 2020 09:44:16 GMT" skipped="0">
  <testcase classname="com.qa.testCases.TC_AddNewCustomerTest_002" name="AddNewCustomerTest" time="69.045"/>
</testsuite> <!-- com.qa.testCases.TC_AddNewCustomerTest_002 -->
