<?xml version="1.0" encoding="UTF-8"?>
<!-- Generated by org.testng.reporters.JUnitReportReporter -->
<testsuite hostname="DESKTOP-F867KVD" failures="0" tests="1" name="com.qa.testCases.EditCustomerTest_003" time="32.215" errors="0" timestamp="06 Apr 2020 09:44:16 GMT" skipped="0">
  <testcase classname="com.qa.testCases.EditCustomerTest_003" name="editCustomerDetailsTest" time="32.215"/>
</testsuite> <!-- com.qa.testCases.EditCustomerTest_003 -->
